TN:
SF:D:\unittest\src\polyfills.ts
FNF:0
FNH:0
LF:0
LH:0
BRF:0
BRH:0
end_of_record
TN:
SF:D:\unittest\src\test.ts
FNF:0
FNH:0
DA:13,1
DA:18,1
DA:20,1
LF:3
LH:3
BRF:0
BRH:0
end_of_record
TN:
SF:D:\unittest\src\app\core\directives\modal.component.ts
FN:14,(anonymous_0)
FN:18,(anonymous_1)
FN:31,(anonymous_2)
FN:42,(anonymous_3)
FN:48,(anonymous_4)
FN:54,(anonymous_5)
FNF:6
FNH:0
FNDA:0,(anonymous_0)
FNDA:0,(anonymous_1)
FNDA:0,(anonymous_2)
FNDA:0,(anonymous_3)
FNDA:0,(anonymous_4)
FNDA:0,(anonymous_5)
DA:10,1
DA:11,1
DA:14,0
DA:15,0
DA:19,0
DA:22,0
DA:23,0
DA:24,0
DA:28,0
DA:31,0
DA:32,0
DA:33,0
DA:38,0
DA:43,0
DA:44,0
DA:49,0
DA:50,0
DA:55,0
DA:56,0
LF:19
LH:2
BRDA:22,0,0,0
BRDA:22,0,1,0
BRDA:32,1,0,0
BRDA:32,1,1,0
BRF:4
BRH:0
end_of_record
TN:
SF:D:\unittest\src\app\core\services\authentication.service.ts
FN:13,(anonymous_0)
FN:15,(anonymous_1)
FN:17,(anonymous_2)
FN:23,(anonymous_3)
FN:25,(anonymous_4)
FN:36,(anonymous_5)
FN:39,(anonymous_6)
FN:46,(anonymous_7)
FN:55,(anonymous_8)
FN:59,(anonymous_9)
FN:62,(anonymous_10)
FN:66,(anonymous_11)
FNF:12
FNH:0
FNDA:0,(anonymous_0)
FNDA:0,(anonymous_1)
FNDA:0,(anonymous_2)
FNDA:0,(anonymous_3)
FNDA:0,(anonymous_4)
FNDA:0,(anonymous_5)
FNDA:0,(anonymous_6)
FNDA:0,(anonymous_7)
FNDA:0,(anonymous_8)
FNDA:0,(anonymous_9)
FNDA:0,(anonymous_10)
FNDA:0,(anonymous_11)
DA:8,1
DA:9,0
DA:10,0
DA:11,0
DA:12,0
DA:13,0
DA:16,0
DA:18,0
DA:19,0
DA:24,0
DA:28,0
DA:30,0
DA:32,0
DA:38,0
DA:40,0
DA:48,0
DA:49,0
DA:50,0
DA:51,0
DA:52,0
DA:56,0
DA:61,0
DA:63,0
DA:67,0
LF:24
LH:1
BRDA:28,0,0,0
BRDA:28,0,1,0
BRF:2
BRH:0
end_of_record
TN:
SF:D:\unittest\src\app\core\services\event-emitter.service.ts
FN:17,(anonymous_0)
FN:19,(anonymous_1)
FN:22,(anonymous_2)
FN:25,(anonymous_3)
FN:28,(anonymous_4)
FNF:5
FNH:0
FNDA:0,(anonymous_0)
FNDA:0,(anonymous_1)
FNDA:0,(anonymous_2)
FNDA:0,(anonymous_3)
FNDA:0,(anonymous_4)
DA:8,1
DA:9,0
DA:10,0
DA:11,0
DA:12,0
DA:20,0
DA:23,0
DA:26,0
DA:29,0
LF:9
LH:1
BRF:0
BRH:0
end_of_record
TN:
SF:D:\unittest\src\app\core\services\index.ts
FNF:0
FNH:0
LF:0
LH:0
BRF:0
BRH:0
end_of_record
TN:
SF:D:\unittest\src\app\core\services\modal.service.ts
FN:2,(anonymous_0)
FN:6,(anonymous_1)
FN:11,(anonymous_2)
FN:13,(anonymous_3)
FN:16,(anonymous_4)
FN:18,(anonymous_5)
FN:22,(anonymous_6)
FN:24,(anonymous_7)
FNF:8
FNH:0
FNDA:0,(anonymous_0)
FNDA:0,(anonymous_1)
FNDA:0,(anonymous_2)
FNDA:0,(anonymous_3)
FNDA:0,(anonymous_4)
FNDA:0,(anonymous_5)
FNDA:0,(anonymous_6)
FNDA:0,(anonymous_7)
DA:3,1
DA:4,0
DA:8,0
DA:13,0
DA:18,0
DA:19,0
DA:24,0
DA:25,0
LF:8
LH:1
BRF:0
BRH:0
end_of_record
TN:
SF:D:\unittest\src\app\core\services\user.service.ts
FN:21,(anonymous_0)
FN:31,(anonymous_1)
FN:45,(anonymous_2)
FN:47,(anonymous_3)
FN:50,(anonymous_4)
FN:53,(anonymous_5)
FN:58,(anonymous_6)
FN:63,(anonymous_7)
FN:68,(anonymous_8)
FN:71,(anonymous_9)
FN:74,(anonymous_10)
FN:77,(anonymous_11)
FN:80,(anonymous_12)
FN:83,(anonymous_13)
FN:85,(anonymous_14)
FN:88,(anonymous_15)
FN:91,(anonymous_16)
FN:94,(anonymous_17)
FN:97,(anonymous_18)
FN:100,(anonymous_19)
FN:103,(anonymous_20)
FN:106,(anonymous_21)
FN:109,(anonymous_22)
FN:112,(anonymous_23)
FN:115,(anonymous_24)
FN:118,(anonymous_25)
FN:121,(anonymous_26)
FN:123,(anonymous_27)
FN:126,(anonymous_28)
FN:128,(anonymous_29)
FN:131,(anonymous_30)
FN:133,(anonymous_31)
FN:136,(anonymous_32)
FN:138,(anonymous_33)
FN:141,(anonymous_34)
FN:143,(anonymous_35)
FN:146,(anonymous_36)
FN:148,(anonymous_37)
FN:151,(anonymous_38)
FN:153,(anonymous_39)
FN:156,(anonymous_40)
FN:158,(anonymous_41)
FN:164,(anonymous_42)
FN:166,(anonymous_43)
FN:169,(anonymous_44)
FN:172,(anonymous_45)
FN:175,(anonymous_46)
FN:178,(anonymous_47)
FN:180,(anonymous_48)
FN:183,(anonymous_49)
FN:186,(anonymous_50)
FN:189,(anonymous_51)
FN:192,(anonymous_52)
FN:194,(anonymous_53)
FN:196,(anonymous_54)
FN:199,(anonymous_55)
FN:201,(anonymous_56)
FN:204,(anonymous_57)
FN:206,(anonymous_58)
FN:209,(anonymous_59)
FN:212,(anonymous_60)
FN:215,(anonymous_61)
FN:218,(anonymous_62)
FN:221,(anonymous_63)
FN:224,(anonymous_64)
FN:226,(anonymous_65)
FN:229,(anonymous_66)
FN:231,(anonymous_67)
FN:234,(anonymous_68)
FN:236,(anonymous_69)
FN:239,(anonymous_70)
FN:242,(anonymous_71)
FN:245,(anonymous_72)
FN:247,(anonymous_73)
FN:250,(anonymous_74)
FN:252,(anonymous_75)
FN:262,(anonymous_76)
FN:265,(anonymous_77)
FN:268,(anonymous_78)
FN:271,(anonymous_79)
FN:274,(anonymous_80)
FN:277,(anonymous_81)
FN:279,(anonymous_82)
FN:281,(anonymous_83)
FN:284,(anonymous_84)
FN:286,(anonymous_85)
FN:288,(anonymous_86)
FN:291,(anonymous_87)
FN:293,(anonymous_88)
FN:296,(anonymous_89)
FN:298,(anonymous_90)
FN:301,(anonymous_91)
FN:304,(anonymous_92)
FN:306,(anonymous_93)
FN:313,(anonymous_94)
FN:316,(anonymous_95)
FN:319,(anonymous_96)
FN:321,(anonymous_97)
FN:324,(anonymous_98)
FN:326,(anonymous_99)
FN:329,(anonymous_100)
FN:332,(anonymous_101)
FN:335,(anonymous_102)
FN:338,(anonymous_103)
FN:341,(anonymous_104)
FN:343,(anonymous_105)
FN:346,(anonymous_106)
FN:348,(anonymous_107)
FN:351,(anonymous_108)
FN:353,(anonymous_109)
FN:356,(anonymous_110)
FN:358,(anonymous_111)
FN:361,(anonymous_112)
FN:363,(anonymous_113)
FN:366,(anonymous_114)
FN:368,(anonymous_115)
FN:373,(anonymous_116)
FN:375,(anonymous_117)
FN:378,(anonymous_118)
FN:380,(anonymous_119)
FN:384,(anonymous_120)
FN:387,(anonymous_121)
FN:390,(anonymous_122)
FN:393,(anonymous_123)
FN:396,(anonymous_124)
FN:399,(anonymous_125)
FN:401,(anonymous_126)
FN:405,(anonymous_127)
FN:408,(anonymous_128)
FN:411,(anonymous_129)
FN:414,(anonymous_130)
FN:417,(anonymous_131)
FN:420,(anonymous_132)
FN:423,(anonymous_133)
FN:426,(anonymous_134)
FN:429,(anonymous_135)
FN:431,(anonymous_136)
FN:435,(anonymous_137)
FN:437,(anonymous_138)
FN:441,(anonymous_139)
FN:443,(anonymous_140)
FN:446,(anonymous_141)
FN:448,(anonymous_142)
FN:452,(anonymous_143)
FN:454,(anonymous_144)
FN:457,(anonymous_145)
FN:459,(anonymous_146)
FN:462,(anonymous_147)
FN:466,(anonymous_148)
FN:468,(anonymous_149)
FN:471,(anonymous_150)
FN:473,(anonymous_151)
FN:476,(anonymous_152)
FN:478,(anonymous_153)
FN:482,(anonymous_154)
FN:484,(anonymous_155)
FN:488,(anonymous_156)
FN:490,(anonymous_157)
FN:494,(anonymous_158)
FN:496,(anonymous_159)
FN:499,(anonymous_160)
FN:501,(anonymous_161)
FN:504,(anonymous_162)
FN:506,(anonymous_163)
FN:509,(anonymous_164)
FN:511,(anonymous_165)
FN:514,(anonymous_166)
FN:516,(anonymous_167)
FN:519,(anonymous_168)
FN:521,(anonymous_169)
FN:524,(anonymous_170)
FN:526,(anonymous_171)
FN:529,(anonymous_172)
FN:531,(anonymous_173)
FN:534,(anonymous_174)
FN:536,(anonymous_175)
FN:539,(anonymous_176)
FN:541,(anonymous_177)
FN:544,(anonymous_178)
FN:546,(anonymous_179)
FN:549,(anonymous_180)
FN:551,(anonymous_181)
FN:554,(anonymous_182)
FN:556,(anonymous_183)
FN:559,(anonymous_184)
FN:561,(anonymous_185)
FN:564,(anonymous_186)
FN:566,(anonymous_187)
FN:569,(anonymous_188)
FN:571,(anonymous_189)
FN:574,(anonymous_190)
FN:576,(anonymous_191)
FN:579,(anonymous_192)
FN:581,(anonymous_193)
FN:584,(anonymous_194)
FN:586,(anonymous_195)
FN:589,(anonymous_196)
FN:591,(anonymous_197)
FN:599,(anonymous_198)
FN:602,(anonymous_199)
FN:605,(anonymous_200)
FN:608,(anonymous_201)
FN:611,(anonymous_202)
FN:614,(anonymous_203)
FN:617,(anonymous_204)
FN:620,(anonymous_205)
FN:623,(anonymous_206)
FN:626,(anonymous_207)
FN:629,(anonymous_208)
FN:632,(anonymous_209)
FN:635,(anonymous_210)
FN:638,(anonymous_211)
FN:642,(anonymous_212)
FN:645,(anonymous_213)
FN:647,(anonymous_214)
FN:650,(anonymous_215)
FN:652,(anonymous_216)
FN:655,(anonymous_217)
FN:657,(anonymous_218)
FN:660,(anonymous_219)
FN:663,(anonymous_220)
FN:666,(anonymous_221)
FN:669,(anonymous_222)
FN:672,(anonymous_223)
FN:675,(anonymous_224)
FN:678,(anonymous_225)
FN:681,(anonymous_226)
FN:684,(anonymous_227)
FN:687,(anonymous_228)
FN:690,(anonymous_229)
FN:693,(anonymous_230)
FN:696,(anonymous_231)
FN:698,(anonymous_232)
FN:701,(anonymous_233)
FN:704,(anonymous_234)
FN:707,(anonymous_235)
FN:709,(anonymous_236)
FN:712,(anonymous_237)
FN:715,(anonymous_238)
FN:717,(anonymous_239)
FN:720,(anonymous_240)
FN:722,(anonymous_241)
FN:725,(anonymous_242)
FN:727,(anonymous_243)
FN:730,(anonymous_244)
FN:732,(anonymous_245)
FN:735,(anonymous_246)
FN:737,(anonymous_247)
FN:740,(anonymous_248)
FN:742,(anonymous_249)
FN:745,(anonymous_250)
FN:747,(anonymous_251)
FN:750,(anonymous_252)
FN:752,(anonymous_253)
FN:755,(anonymous_254)
FN:757,(anonymous_255)
FN:764,(anonymous_256)
FN:767,(anonymous_257)
FN:770,(anonymous_258)
FN:774,(anonymous_259)
FN:783,(anonymous_260)
FN:785,(anonymous_261)
FN:788,(anonymous_262)
FN:790,(anonymous_263)
FN:793,(anonymous_264)
FN:795,(anonymous_265)
FN:798,(anonymous_266)
FN:800,(anonymous_267)
FN:803,(anonymous_268)
FN:805,(anonymous_269)
FN:808,(anonymous_270)
FN:810,(anonymous_271)
FN:813,(anonymous_272)
FN:815,(anonymous_273)
FN:818,(anonymous_274)
FN:820,(anonymous_275)
FN:823,(anonymous_276)
FN:825,(anonymous_277)
FN:829,(anonymous_278)
FN:831,(anonymous_279)
FN:834,(anonymous_280)
FN:836,(anonymous_281)
FN:840,(anonymous_282)
FN:842,(anonymous_283)
FN:845,(anonymous_284)
FN:847,(anonymous_285)
FN:850,(anonymous_286)
FN:852,(anonymous_287)
FN:856,(anonymous_288)
FN:858,(anonymous_289)
FN:861,(anonymous_290)
FN:863,(anonymous_291)
FN:866,(anonymous_292)
FN:868,(anonymous_293)
FN:871,(anonymous_294)
FN:873,(anonymous_295)
FN:876,(anonymous_296)
FN:878,(anonymous_297)
FN:887,(anonymous_298)
FN:889,(anonymous_299)
FN:892,(anonymous_300)
FN:894,(anonymous_301)
FN:897,(anonymous_302)
FN:899,(anonymous_303)
FN:902,(anonymous_304)
FN:904,(anonymous_305)
FN:907,(anonymous_306)
FN:909,(anonymous_307)
FN:912,(anonymous_308)
FN:914,(anonymous_309)
FN:917,(anonymous_310)
FN:919,(anonymous_311)
FN:922,(anonymous_312)
FN:924,(anonymous_313)
FN:927,(anonymous_314)
FN:929,(anonymous_315)
FN:932,(anonymous_316)
FN:934,(anonymous_317)
FN:937,(anonymous_318)
FN:939,(anonymous_319)
FN:942,(anonymous_320)
FN:944,(anonymous_321)
FN:947,(anonymous_322)
FN:949,(anonymous_323)
FN:954,(anonymous_324)
FN:957,(anonymous_325)
FN:966,(anonymous_326)
FN:968,(anonymous_327)
FN:971,(anonymous_328)
FN:973,(anonymous_329)
FN:976,(anonymous_330)
FN:978,(anonymous_331)
FN:981,(anonymous_332)
FN:983,(anonymous_333)
FN:986,(anonymous_334)
FN:988,(anonymous_335)
FN:991,(anonymous_336)
FN:993,(anonymous_337)
FN:996,(anonymous_338)
FN:998,(anonymous_339)
FN:1001,(anonymous_340)
FN:1003,(anonymous_341)
FN:1006,(anonymous_342)
FN:1008,(anonymous_343)
FN:1011,(anonymous_344)
FN:1013,(anonymous_345)
FN:1016,(anonymous_346)
FN:1018,(anonymous_347)
FN:1021,(anonymous_348)
FN:1023,(anonymous_349)
FN:1026,(anonymous_350)
FN:1028,(anonymous_351)
FN:1031,(anonymous_352)
FN:1033,(anonymous_353)
FN:1036,(anonymous_354)
FN:1038,(anonymous_355)
FN:1041,(anonymous_356)
FN:1043,(anonymous_357)
FN:1046,(anonymous_358)
FN:1048,(anonymous_359)
FN:1051,(anonymous_360)
FN:1053,(anonymous_361)
FN:1056,(anonymous_362)
FN:1058,(anonymous_363)
FN:1061,(anonymous_364)
FN:1063,(anonymous_365)
FN:1066,(anonymous_366)
FN:1068,(anonymous_367)
FN:1071,(anonymous_368)
FN:1073,(anonymous_369)
FN:1076,(anonymous_370)
FN:1078,(anonymous_371)
FN:1081,(anonymous_372)
FN:1083,(anonymous_373)
FN:1086,(anonymous_374)
FN:1088,(anonymous_375)
FN:1091,(anonymous_376)
FN:1093,(anonymous_377)
FN:1096,(anonymous_378)
FN:1098,(anonymous_379)
FN:1101,(anonymous_380)
FN:1103,(anonymous_381)
FN:1106,(anonymous_382)
FN:1108,(anonymous_383)
FN:1111,(anonymous_384)
FN:1113,(anonymous_385)
FN:1116,(anonymous_386)
FN:1118,(anonymous_387)
FN:1121,(anonymous_388)
FN:1123,(anonymous_389)
FN:1132,(anonymous_390)
FN:1134,(anonymous_391)
FN:1137,(anonymous_392)
FN:1139,(anonymous_393)
FN:1142,(anonymous_394)
FN:1144,(anonymous_395)
FN:1147,(anonymous_396)
FN:1149,(anonymous_397)
FN:1152,(anonymous_398)
FN:1154,(anonymous_399)
FN:1157,(anonymous_400)
FN:1159,(anonymous_401)
FN:1162,(anonymous_402)
FN:1164,(anonymous_403)
FN:1167,(anonymous_404)
FN:1170,(anonymous_405)
FN:1173,(anonymous_406)
FN:1176,(anonymous_407)
FN:1179,(anonymous_408)
FN:1181,(anonymous_409)
FN:1184,(anonymous_410)
FN:1186,(anonymous_411)
FN:1189,(anonymous_412)
FN:1191,(anonymous_413)
FN:1194,(anonymous_414)
FN:1196,(anonymous_415)
FN:1199,(anonymous_416)
FN:1201,(anonymous_417)
FN:1204,(anonymous_418)
FN:1206,(anonymous_419)
FN:1209,(anonymous_420)
FN:1211,(anonymous_421)
FN:1214,(anonymous_422)
FN:1216,(anonymous_423)
FN:1219,(anonymous_424)
FN:1221,(anonymous_425)
FN:1224,(anonymous_426)
FN:1227,(anonymous_427)
FN:1230,(anonymous_428)
FN:1232,(anonymous_429)
FN:1235,(anonymous_430)
FN:1237,(anonymous_431)
FN:1240,(anonymous_432)
FN:1242,(anonymous_433)
FN:1245,(anonymous_434)
FN:1247,(anonymous_435)
FN:1250,(anonymous_436)
FN:1252,(anonymous_437)
FN:1255,(anonymous_438)
FN:1257,(anonymous_439)
FN:1260,(anonymous_440)
FN:1262,(anonymous_441)
FN:1265,(anonymous_442)
FN:1267,(anonymous_443)
FN:1275,(anonymous_444)
FN:1280,(anonymous_445)
FN:1285,(anonymous_446)
FN:1290,(anonymous_447)
FN:1295,(anonymous_448)
FN:1298,(anonymous_449)
FN:1301,(anonymous_450)
FN:1304,(anonymous_451)
FN:1307,(anonymous_452)
FN:1310,(anonymous_453)
FN:1313,(anonymous_454)
FN:1316,(anonymous_455)
FN:1319,(anonymous_456)
FN:1324,(anonymous_457)
FN:1329,(anonymous_458)
FN:1337,(anonymous_459)
FN:1340,(anonymous_460)
FN:1343,(anonymous_461)
FN:1346,(anonymous_462)
FN:1349,(anonymous_463)
FN:1352,(anonymous_464)
FN:1355,(anonymous_465)
FN:1358,(anonymous_466)
FN:1360,(anonymous_467)
FN:1363,(anonymous_468)
FN:1368,(anonymous_469)
FN:1370,(anonymous_470)
FN:1373,(anonymous_471)
FN:1375,(anonymous_472)
FN:1378,(anonymous_473)
FN:1380,(anonymous_474)
FN:1383,(anonymous_475)
FN:1385,(anonymous_476)
FN:1388,(anonymous_477)
FN:1390,(anonymous_478)
FN:1393,(anonymous_479)
FN:1395,(anonymous_480)
FN:1398,(anonymous_481)
FN:1400,(anonymous_482)
FN:1403,(anonymous_483)
FN:1405,(anonymous_484)
FN:1408,(anonymous_485)
FN:1410,(anonymous_486)
FN:1413,(anonymous_487)
FN:1415,(anonymous_488)
FN:1418,(anonymous_489)
FN:1420,(anonymous_490)
FN:1422,(anonymous_491)
FN:1424,(anonymous_492)
FN:1426,(anonymous_493)
FN:1428,(anonymous_494)
FN:1433,(anonymous_495)
FN:1435,(anonymous_496)
FN:1437,(anonymous_497)
FN:1439,(anonymous_498)
FN:1447,(anonymous_499)
FN:1450,(anonymous_500)
FN:1454,(anonymous_501)
FN:1456,(anonymous_502)
FN:1459,(anonymous_503)
FN:1461,(anonymous_504)
FN:1464,(anonymous_505)
FN:1466,(anonymous_506)
FN:1469,(anonymous_507)
FN:1471,(anonymous_508)
FN:1474,(anonymous_509)
FN:1476,(anonymous_510)
FN:1479,(anonymous_511)
FN:1481,(anonymous_512)
FN:1484,(anonymous_513)
FN:1486,(anonymous_514)
FN:1491,(anonymous_515)
FN:1493,(anonymous_516)
FN:1496,(anonymous_517)
FN:1498,(anonymous_518)
FN:1501,(anonymous_519)
FN:1503,(anonymous_520)
FN:1506,(anonymous_521)
FN:1508,(anonymous_522)
FN:1511,(anonymous_523)
FN:1513,(anonymous_524)
FN:1516,(anonymous_525)
FN:1518,(anonymous_526)
FN:1521,(anonymous_527)
FN:1523,(anonymous_528)
FN:1526,(anonymous_529)
FN:1528,(anonymous_530)
FN:1531,(anonymous_531)
FN:1533,(anonymous_532)
FN:1536,(anonymous_533)
FN:1538,(anonymous_534)
FN:1541,(anonymous_535)
FN:1543,(anonymous_536)
FN:1546,(anonymous_537)
FN:1548,(anonymous_538)
FN:1551,(anonymous_539)
FN:1553,(anonymous_540)
FN:1556,(anonymous_541)
FN:1558,(anonymous_542)
FN:1561,(anonymous_543)
FN:1563,(anonymous_544)
FN:1567,(anonymous_545)
FN:1569,(anonymous_546)
FN:1573,(anonymous_547)
FN:1575,(anonymous_548)
FN:1578,(anonymous_549)
FN:1580,(anonymous_550)
FN:1583,(anonymous_551)
FN:1585,(anonymous_552)
FN:1589,(anonymous_553)
FN:1591,(anonymous_554)
FN:1593,(anonymous_555)
FN:1595,(anonymous_556)
FN:1598,(anonymous_557)
FN:1600,(anonymous_558)
FN:1603,(anonymous_559)
FN:1605,(anonymous_560)
FN:1608,(anonymous_561)
FN:1610,(anonymous_562)
FN:1613,(anonymous_563)
FN:1615,(anonymous_564)
FN:1618,(anonymous_565)
FN:1620,(anonymous_566)
FN:1626,(anonymous_567)
FN:1628,(anonymous_568)
FN:1631,(anonymous_569)
FN:1633,(anonymous_570)
FN:1636,(anonymous_571)
FN:1638,(anonymous_572)
FN:1641,(anonymous_573)
FN:1643,(anonymous_574)
FN:1646,(anonymous_575)
FN:1648,(anonymous_576)
FN:1652,(anonymous_577)
FN:1654,(anonymous_578)
FN:1657,(anonymous_579)
FN:1659,(anonymous_580)
FN:1662,(anonymous_581)
FN:1664,(anonymous_582)
FN:1667,(anonymous_583)
FN:1669,(anonymous_584)
FN:1672,(anonymous_585)
FN:1674,(anonymous_586)
FN:1677,(anonymous_587)
FN:1678,(anonymous_588)
FN:1682,(anonymous_589)
FN:1684,(anonymous_590)
FN:1688,(anonymous_591)
FN:1691,(anonymous_592)
FN:1694,(anonymous_593)
FN:1697,(anonymous_594)
FN:1700,(anonymous_595)
FN:1703,(anonymous_596)
FNF:597
FNH:0
FNDA:0,(anonymous_0)
FNDA:0,(anonymous_1)
FNDA:0,(anonymous_2)
FNDA:0,(anonymous_3)
FNDA:0,(anonymous_4)
FNDA:0,(anonymous_5)
FNDA:0,(anonymous_6)
FNDA:0,(anonymous_7)
FNDA:0,(anonymous_8)
FNDA:0,(anonymous_9)
FNDA:0,(anonymous_10)
FNDA:0,(anonymous_11)
FNDA:0,(anonymous_12)
FNDA:0,(anonymous_13)
FNDA:0,(anonymous_14)
FNDA:0,(anonymous_15)
FNDA:0,(anonymous_16)
FNDA:0,(anonymous_17)
FNDA:0,(anonymous_18)
FNDA:0,(anonymous_19)
FNDA:0,(anonymous_20)
FNDA:0,(anonymous_21)
FNDA:0,(anonymous_22)
FNDA:0,(anonymous_23)
FNDA:0,(anonymous_24)
FNDA:0,(anonymous_25)
FNDA:0,(anonymous_26)
FNDA:0,(anonymous_27)
FNDA:0,(anonymous_28)
FNDA:0,(anonymous_29)
FNDA:0,(anonymous_30)
FNDA:0,(anonymous_31)
FNDA:0,(anonymous_32)
FNDA:0,(anonymous_33)
FNDA:0,(anonymous_34)
FNDA:0,(anonymous_35)
FNDA:0,(anonymous_36)
FNDA:0,(anonymous_37)
FNDA:0,(anonymous_38)
FNDA:0,(anonymous_39)
FNDA:0,(anonymous_40)
FNDA:0,(anonymous_41)
FNDA:0,(anonymous_42)
FNDA:0,(anonymous_43)
FNDA:0,(anonymous_44)
FNDA:0,(anonymous_45)
FNDA:0,(anonymous_46)
FNDA:0,(anonymous_47)
FNDA:0,(anonymous_48)
FNDA:0,(anonymous_49)
FNDA:0,(anonymous_50)
FNDA:0,(anonymous_51)
FNDA:0,(anonymous_52)
FNDA:0,(anonymous_53)
FNDA:0,(anonymous_54)
FNDA:0,(anonymous_55)
FNDA:0,(anonymous_56)
FNDA:0,(anonymous_57)
FNDA:0,(anonymous_58)
FNDA:0,(anonymous_59)
FNDA:0,(anonymous_60)
FNDA:0,(anonymous_61)
FNDA:0,(anonymous_62)
FNDA:0,(anonymous_63)
FNDA:0,(anonymous_64)
FNDA:0,(anonymous_65)
FNDA:0,(anonymous_66)
FNDA:0,(anonymous_67)
FNDA:0,(anonymous_68)
FNDA:0,(anonymous_69)
FNDA:0,(anonymous_70)
FNDA:0,(anonymous_71)
FNDA:0,(anonymous_72)
FNDA:0,(anonymous_73)
FNDA:0,(anonymous_74)
FNDA:0,(anonymous_75)
FNDA:0,(anonymous_76)
FNDA:0,(anonymous_77)
FNDA:0,(anonymous_78)
FNDA:0,(anonymous_79)
FNDA:0,(anonymous_80)
FNDA:0,(anonymous_81)
FNDA:0,(anonymous_82)
FNDA:0,(anonymous_83)
FNDA:0,(anonymous_84)
FNDA:0,(anonymous_85)
FNDA:0,(anonymous_86)
FNDA:0,(anonymous_87)
FNDA:0,(anonymous_88)
FNDA:0,(anonymous_89)
FNDA:0,(anonymous_90)
FNDA:0,(anonymous_91)
FNDA:0,(anonymous_92)
FNDA:0,(anonymous_93)
FNDA:0,(anonymous_94)
FNDA:0,(anonymous_95)
FNDA:0,(anonymous_96)
FNDA:0,(anonymous_97)
FNDA:0,(anonymous_98)
FNDA:0,(anonymous_99)
FNDA:0,(anonymous_100)
FNDA:0,(anonymous_101)
FNDA:0,(anonymous_102)
FNDA:0,(anonymous_103)
FNDA:0,(anonymous_104)
FNDA:0,(anonymous_105)
FNDA:0,(anonymous_106)
FNDA:0,(anonymous_107)
FNDA:0,(anonymous_108)
FNDA:0,(anonymous_109)
FNDA:0,(anonymous_110)
FNDA:0,(anonymous_111)
FNDA:0,(anonymous_112)
FNDA:0,(anonymous_113)
FNDA:0,(anonymous_114)
FNDA:0,(anonymous_115)
FNDA:0,(anonymous_116)
FNDA:0,(anonymous_117)
FNDA:0,(anonymous_118)
FNDA:0,(anonymous_119)
FNDA:0,(anonymous_120)
FNDA:0,(anonymous_121)
FNDA:0,(anonymous_122)
FNDA:0,(anonymous_123)
FNDA:0,(anonymous_124)
FNDA:0,(anonymous_125)
FNDA:0,(anonymous_126)
FNDA:0,(anonymous_127)
FNDA:0,(anonymous_128)
FNDA:0,(anonymous_129)
FNDA:0,(anonymous_130)
FNDA:0,(anonymous_131)
FNDA:0,(anonymous_132)
FNDA:0,(anonymous_133)
FNDA:0,(anonymous_134)
FNDA:0,(anonymous_135)
FNDA:0,(anonymous_136)
FNDA:0,(anonymous_137)
FNDA:0,(anonymous_138)
FNDA:0,(anonymous_139)
FNDA:0,(anonymous_140)
FNDA:0,(anonymous_141)
FNDA:0,(anonymous_142)
FNDA:0,(anonymous_143)
FNDA:0,(anonymous_144)
FNDA:0,(anonymous_145)
FNDA:0,(anonymous_146)
FNDA:0,(anonymous_147)
FNDA:0,(anonymous_148)
FNDA:0,(anonymous_149)
FNDA:0,(anonymous_150)
FNDA:0,(anonymous_151)
FNDA:0,(anonymous_152)
FNDA:0,(anonymous_153)
FNDA:0,(anonymous_154)
FNDA:0,(anonymous_155)
FNDA:0,(anonymous_156)
FNDA:0,(anonymous_157)
FNDA:0,(anonymous_158)
FNDA:0,(anonymous_159)
FNDA:0,(anonymous_160)
FNDA:0,(anonymous_161)
FNDA:0,(anonymous_162)
FNDA:0,(anonymous_163)
FNDA:0,(anonymous_164)
FNDA:0,(anonymous_165)
FNDA:0,(anonymous_166)
FNDA:0,(anonymous_167)
FNDA:0,(anonymous_168)
FNDA:0,(anonymous_169)
FNDA:0,(anonymous_170)
FNDA:0,(anonymous_171)
FNDA:0,(anonymous_172)
FNDA:0,(anonymous_173)
FNDA:0,(anonymous_174)
FNDA:0,(anonymous_175)
FNDA:0,(anonymous_176)
FNDA:0,(anonymous_177)
FNDA:0,(anonymous_178)
FNDA:0,(anonymous_179)
FNDA:0,(anonymous_180)
FNDA:0,(anonymous_181)
FNDA:0,(anonymous_182)
FNDA:0,(anonymous_183)
FNDA:0,(anonymous_184)
FNDA:0,(anonymous_185)
FNDA:0,(anonymous_186)
FNDA:0,(anonymous_187)
FNDA:0,(anonymous_188)
FNDA:0,(anonymous_189)
FNDA:0,(anonymous_190)
FNDA:0,(anonymous_191)
FNDA:0,(anonymous_192)
FNDA:0,(anonymous_193)
FNDA:0,(anonymous_194)
FNDA:0,(anonymous_195)
FNDA:0,(anonymous_196)
FNDA:0,(anonymous_197)
FNDA:0,(anonymous_198)
FNDA:0,(anonymous_199)
FNDA:0,(anonymous_200)
FNDA:0,(anonymous_201)
FNDA:0,(anonymous_202)
FNDA:0,(anonymous_203)
FNDA:0,(anonymous_204)
FNDA:0,(anonymous_205)
FNDA:0,(anonymous_206)
FNDA:0,(anonymous_207)
FNDA:0,(anonymous_208)
FNDA:0,(anonymous_209)
FNDA:0,(anonymous_210)
FNDA:0,(anonymous_211)
FNDA:0,(anonymous_212)
FNDA:0,(anonymous_213)
FNDA:0,(anonymous_214)
FNDA:0,(anonymous_215)
FNDA:0,(anonymous_216)
FNDA:0,(anonymous_217)
FNDA:0,(anonymous_218)
FNDA:0,(anonymous_219)
FNDA:0,(anonymous_220)
FNDA:0,(anonymous_221)
FNDA:0,(anonymous_222)
FNDA:0,(anonymous_223)
FNDA:0,(anonymous_224)
FNDA:0,(anonymous_225)
FNDA:0,(anonymous_226)
FNDA:0,(anonymous_227)
FNDA:0,(anonymous_228)
FNDA:0,(anonymous_229)
FNDA:0,(anonymous_230)
FNDA:0,(anonymous_231)
FNDA:0,(anonymous_232)
FNDA:0,(anonymous_233)
FNDA:0,(anonymous_234)
FNDA:0,(anonymous_235)
FNDA:0,(anonymous_236)
FNDA:0,(anonymous_237)
FNDA:0,(anonymous_238)
FNDA:0,(anonymous_239)
FNDA:0,(anonymous_240)
FNDA:0,(anonymous_241)
FNDA:0,(anonymous_242)
FNDA:0,(anonymous_243)
FNDA:0,(anonymous_244)
FNDA:0,(anonymous_245)
FNDA:0,(anonymous_246)
FNDA:0,(anonymous_247)
FNDA:0,(anonymous_248)
FNDA:0,(anonymous_249)
FNDA:0,(anonymous_250)
FNDA:0,(anonymous_251)
FNDA:0,(anonymous_252)
FNDA:0,(anonymous_253)
FNDA:0,(anonymous_254)
FNDA:0,(anonymous_255)
FNDA:0,(anonymous_256)
FNDA:0,(anonymous_257)
FNDA:0,(anonymous_258)
FNDA:0,(anonymous_259)
FNDA:0,(anonymous_260)
FNDA:0,(anonymous_261)
FNDA:0,(anonymous_262)
FNDA:0,(anonymous_263)
FNDA:0,(anonymous_264)
FNDA:0,(anonymous_265)
FNDA:0,(anonymous_266)
FNDA:0,(anonymous_267)
FNDA:0,(anonymous_268)
FNDA:0,(anonymous_269)
FNDA:0,(anonymous_270)
FNDA:0,(anonymous_271)
FNDA:0,(anonymous_272)
FNDA:0,(anonymous_273)
FNDA:0,(anonymous_274)
FNDA:0,(anonymous_275)
FNDA:0,(anonymous_276)
FNDA:0,(anonymous_277)
FNDA:0,(anonymous_278)
FNDA:0,(anonymous_279)
FNDA:0,(anonymous_280)
FNDA:0,(anonymous_281)
FNDA:0,(anonymous_282)
FNDA:0,(anonymous_283)
FNDA:0,(anonymous_284)
FNDA:0,(anonymous_285)
FNDA:0,(anonymous_286)
FNDA:0,(anonymous_287)
FNDA:0,(anonymous_288)
FNDA:0,(anonymous_289)
FNDA:0,(anonymous_290)
FNDA:0,(anonymous_291)
FNDA:0,(anonymous_292)
FNDA:0,(anonymous_293)
FNDA:0,(anonymous_294)
FNDA:0,(anonymous_295)
FNDA:0,(anonymous_296)
FNDA:0,(anonymous_297)
FNDA:0,(anonymous_298)
FNDA:0,(anonymous_299)
FNDA:0,(anonymous_300)
FNDA:0,(anonymous_301)
FNDA:0,(anonymous_302)
FNDA:0,(anonymous_303)
FNDA:0,(anonymous_304)
FNDA:0,(anonymous_305)
FNDA:0,(anonymous_306)
FNDA:0,(anonymous_307)
FNDA:0,(anonymous_308)
FNDA:0,(anonymous_309)
FNDA:0,(anonymous_310)
FNDA:0,(anonymous_311)
FNDA:0,(anonymous_312)
FNDA:0,(anonymous_313)
FNDA:0,(anonymous_314)
FNDA:0,(anonymous_315)
FNDA:0,(anonymous_316)
FNDA:0,(anonymous_317)
FNDA:0,(anonymous_318)
FNDA:0,(anonymous_319)
FNDA:0,(anonymous_320)
FNDA:0,(anonymous_321)
FNDA:0,(anonymous_322)
FNDA:0,(anonymous_323)
FNDA:0,(anonymous_324)
FNDA:0,(anonymous_325)
FNDA:0,(anonymous_326)
FNDA:0,(anonymous_327)
FNDA:0,(anonymous_328)
FNDA:0,(anonymous_329)
FNDA:0,(anonymous_330)
FNDA:0,(anonymous_331)
FNDA:0,(anonymous_332)
FNDA:0,(anonymous_333)
FNDA:0,(anonymous_334)
FNDA:0,(anonymous_335)
FNDA:0,(anonymous_336)
FNDA:0,(anonymous_337)
FNDA:0,(anonymous_338)
FNDA:0,(anonymous_339)
FNDA:0,(anonymous_340)
FNDA:0,(anonymous_341)
FNDA:0,(anonymous_342)
FNDA:0,(anonymous_343)
FNDA:0,(anonymous_344)
FNDA:0,(anonymous_345)
FNDA:0,(anonymous_346)
FNDA:0,(anonymous_347)
FNDA:0,(anonymous_348)
FNDA:0,(anonymous_349)
FNDA:0,(anonymous_350)
FNDA:0,(anonymous_351)
FNDA:0,(anonymous_352)
FNDA:0,(anonymous_353)
FNDA:0,(anonymous_354)
FNDA:0,(anonymous_355)
FNDA:0,(anonymous_356)
FNDA:0,(anonymous_357)
FNDA:0,(anonymous_358)
FNDA:0,(anonymous_359)
FNDA:0,(anonymous_360)
FNDA:0,(anonymous_361)
FNDA:0,(anonymous_362)
FNDA:0,(anonymous_363)
FNDA:0,(anonymous_364)
FNDA:0,(anonymous_365)
FNDA:0,(anonymous_366)
FNDA:0,(anonymous_367)
FNDA:0,(anonymous_368)
FNDA:0,(anonymous_369)
FNDA:0,(anonymous_370)
FNDA:0,(anonymous_371)
FNDA:0,(anonymous_372)
FNDA:0,(anonymous_373)
FNDA:0,(anonymous_374)
FNDA:0,(anonymous_375)
FNDA:0,(anonymous_376)
FNDA:0,(anonymous_377)
FNDA:0,(anonymous_378)
FNDA:0,(anonymous_379)
FNDA:0,(anonymous_380)
FNDA:0,(anonymous_381)
FNDA:0,(anonymous_382)
FNDA:0,(anonymous_383)
FNDA:0,(anonymous_384)
FNDA:0,(anonymous_385)
FNDA:0,(anonymous_386)
FNDA:0,(anonymous_387)
FNDA:0,(anonymous_388)
FNDA:0,(anonymous_389)
FNDA:0,(anonymous_390)
FNDA:0,(anonymous_391)
FNDA:0,(anonymous_392)
FNDA:0,(anonymous_393)
FNDA:0,(anonymous_394)
FNDA:0,(anonymous_395)
FNDA:0,(anonymous_396)
FNDA:0,(anonymous_397)
FNDA:0,(anonymous_398)
FNDA:0,(anonymous_399)
FNDA:0,(anonymous_400)
FNDA:0,(anonymous_401)
FNDA:0,(anonymous_402)
FNDA:0,(anonymous_403)
FNDA:0,(anonymous_404)
FNDA:0,(anonymous_405)
FNDA:0,(anonymous_406)
FNDA:0,(anonymous_407)
FNDA:0,(anonymous_408)
FNDA:0,(anonymous_409)
FNDA:0,(anonymous_410)
FNDA:0,(anonymous_411)
FNDA:0,(anonymous_412)
FNDA:0,(anonymous_413)
FNDA:0,(anonymous_414)
FNDA:0,(anonymous_415)
FNDA:0,(anonymous_416)
FNDA:0,(anonymous_417)
FNDA:0,(anonymous_418)
FNDA:0,(anonymous_419)
FNDA:0,(anonymous_420)
FNDA:0,(anonymous_421)
FNDA:0,(anonymous_422)
FNDA:0,(anonymous_423)
FNDA:0,(anonymous_424)
FNDA:0,(anonymous_425)
FNDA:0,(anonymous_426)
FNDA:0,(anonymous_427)
FNDA:0,(anonymous_428)
FNDA:0,(anonymous_429)
FNDA:0,(anonymous_430)
FNDA:0,(anonymous_431)
FNDA:0,(anonymous_432)
FNDA:0,(anonymous_433)
FNDA:0,(anonymous_434)
FNDA:0,(anonymous_435)
FNDA:0,(anonymous_436)
FNDA:0,(anonymous_437)
FNDA:0,(anonymous_438)
FNDA:0,(anonymous_439)
FNDA:0,(anonymous_440)
FNDA:0,(anonymous_441)
FNDA:0,(anonymous_442)
FNDA:0,(anonymous_443)
FNDA:0,(anonymous_444)
FNDA:0,(anonymous_445)
FNDA:0,(anonymous_446)
FNDA:0,(anonymous_447)
FNDA:0,(anonymous_448)
FNDA:0,(anonymous_449)
FNDA:0,(anonymous_450)
FNDA:0,(anonymous_451)
FNDA:0,(anonymous_452)
FNDA:0,(anonymous_453)
FNDA:0,(anonymous_454)
FNDA:0,(anonymous_455)
FNDA:0,(anonymous_456)
FNDA:0,(anonymous_457)
FNDA:0,(anonymous_458)
FNDA:0,(anonymous_459)
FNDA:0,(anonymous_460)
FNDA:0,(anonymous_461)
FNDA:0,(anonymous_462)
FNDA:0,(anonymous_463)
FNDA:0,(anonymous_464)
FNDA:0,(anonymous_465)
FNDA:0,(anonymous_466)
FNDA:0,(anonymous_467)
FNDA:0,(anonymous_468)
FNDA:0,(anonymous_469)
FNDA:0,(anonymous_470)
FNDA:0,(anonymous_471)
FNDA:0,(anonymous_472)
FNDA:0,(anonymous_473)
FNDA:0,(anonymous_474)
FNDA:0,(anonymous_475)
FNDA:0,(anonymous_476)
FNDA:0,(anonymous_477)
FNDA:0,(anonymous_478)
FNDA:0,(anonymous_479)
FNDA:0,(anonymous_480)
FNDA:0,(anonymous_481)
FNDA:0,(anonymous_482)
FNDA:0,(anonymous_483)
FNDA:0,(anonymous_484)
FNDA:0,(anonymous_485)
FNDA:0,(anonymous_486)
FNDA:0,(anonymous_487)
FNDA:0,(anonymous_488)
FNDA:0,(anonymous_489)
FNDA:0,(anonymous_490)
FNDA:0,(anonymous_491)
FNDA:0,(anonymous_492)
FNDA:0,(anonymous_493)
FNDA:0,(anonymous_494)
FNDA:0,(anonymous_495)
FNDA:0,(anonymous_496)
FNDA:0,(anonymous_497)
FNDA:0,(anonymous_498)
FNDA:0,(anonymous_499)
FNDA:0,(anonymous_500)
FNDA:0,(anonymous_501)
FNDA:0,(anonymous_502)
FNDA:0,(anonymous_503)
FNDA:0,(anonymous_504)
FNDA:0,(anonymous_505)
FNDA:0,(anonymous_506)
FNDA:0,(anonymous_507)
FNDA:0,(anonymous_508)
FNDA:0,(anonymous_509)
FNDA:0,(anonymous_510)
FNDA:0,(anonymous_511)
FNDA:0,(anonymous_512)
FNDA:0,(anonymous_513)
FNDA:0,(anonymous_514)
FNDA:0,(anonymous_515)
FNDA:0,(anonymous_516)
FNDA:0,(anonymous_517)
FNDA:0,(anonymous_518)
FNDA:0,(anonymous_519)
FNDA:0,(anonymous_520)
FNDA:0,(anonymous_521)
FNDA:0,(anonymous_522)
FNDA:0,(anonymous_523)
FNDA:0,(anonymous_524)
FNDA:0,(anonymous_525)
FNDA:0,(anonymous_526)
FNDA:0,(anonymous_527)
FNDA:0,(anonymous_528)
FNDA:0,(anonymous_529)
FNDA:0,(anonymous_530)
FNDA:0,(anonymous_531)
FNDA:0,(anonymous_532)
FNDA:0,(anonymous_533)
FNDA:0,(anonymous_534)
FNDA:0,(anonymous_535)
FNDA:0,(anonymous_536)
FNDA:0,(anonymous_537)
FNDA:0,(anonymous_538)
FNDA:0,(anonymous_539)
FNDA:0,(anonymous_540)
FNDA:0,(anonymous_541)
FNDA:0,(anonymous_542)
FNDA:0,(anonymous_543)
FNDA:0,(anonymous_544)
FNDA:0,(anonymous_545)
FNDA:0,(anonymous_546)
FNDA:0,(anonymous_547)
FNDA:0,(anonymous_548)
FNDA:0,(anonymous_549)
FNDA:0,(anonymous_550)
FNDA:0,(anonymous_551)
FNDA:0,(anonymous_552)
FNDA:0,(anonymous_553)
FNDA:0,(anonymous_554)
FNDA:0,(anonymous_555)
FNDA:0,(anonymous_556)
FNDA:0,(anonymous_557)
FNDA:0,(anonymous_558)
FNDA:0,(anonymous_559)
FNDA:0,(anonymous_560)
FNDA:0,(anonymous_561)
FNDA:0,(anonymous_562)
FNDA:0,(anonymous_563)
FNDA:0,(anonymous_564)
FNDA:0,(anonymous_565)
FNDA:0,(anonymous_566)
FNDA:0,(anonymous_567)
FNDA:0,(anonymous_568)
FNDA:0,(anonymous_569)
FNDA:0,(anonymous_570)
FNDA:0,(anonymous_571)
FNDA:0,(anonymous_572)
FNDA:0,(anonymous_573)
FNDA:0,(anonymous_574)
FNDA:0,(anonymous_575)
FNDA:0,(anonymous_576)
FNDA:0,(anonymous_577)
FNDA:0,(anonymous_578)
FNDA:0,(anonymous_579)
FNDA:0,(anonymous_580)
FNDA:0,(anonymous_581)
FNDA:0,(anonymous_582)
FNDA:0,(anonymous_583)
FNDA:0,(anonymous_584)
FNDA:0,(anonymous_585)
FNDA:0,(anonymous_586)
FNDA:0,(anonymous_587)
FNDA:0,(anonymous_588)
FNDA:0,(anonymous_589)
FNDA:0,(anonymous_590)
FNDA:0,(anonymous_591)
FNDA:0,(anonymous_592)
FNDA:0,(anonymous_593)
FNDA:0,(anonymous_594)
FNDA:0,(anonymous_595)
FNDA:0,(anonymous_596)
DA:11,1
DA:15,0
DA:16,0
DA:20,0
DA:21,0
DA:22,0
DA:24,0
DA:25,0
DA:26,0
DA:27,0
DA:28,0
DA:32,0
DA:33,0
DA:34,0
DA:35,0
DA:36,0
DA:37,0
DA:38,0
DA:39,0
DA:46,0
DA:47,0
DA:52,0
DA:53,0
DA:59,0
DA:60,0
DA:64,0
DA:65,0
DA:69,0
DA:70,0
DA:71,0
DA:75,0
DA:76,0
DA:77,0
DA:81,0
DA:82,0
DA:83,0
DA:86,0
DA:87,0
DA:88,0
DA:92,0
DA:93,0
DA:94,0
DA:98,0
DA:99,0
DA:100,0
DA:104,0
DA:105,0
DA:106,0
DA:110,0
DA:111,0
DA:112,0
DA:116,0
DA:117,0
DA:118,0
DA:122,0
DA:123,0
DA:127,0
DA:128,0
DA:132,0
DA:133,0
DA:137,0
DA:138,0
DA:142,0
DA:143,0
DA:147,0
DA:148,0
DA:152,0
DA:153,0
DA:157,0
DA:158,0
DA:165,0
DA:166,0
DA:170,0
DA:171,0
DA:172,0
DA:176,0
DA:177,0
DA:178,0
DA:181,0
DA:182,0
DA:183,0
DA:187,0
DA:188,0
DA:189,0
DA:193,0
DA:194,0
DA:197,0
DA:198,0
DA:199,0
DA:202,0
DA:203,0
DA:204,0
DA:207,0
DA:208,0
DA:209,0
DA:213,0
DA:214,0
DA:215,0
DA:219,0
DA:220,0
DA:221,0
DA:225,0
DA:226,0
DA:230,0
DA:231,0
DA:235,0
DA:236,0
DA:240,0
DA:241,0
DA:242,0
DA:246,0
DA:247,0
DA:251,0
DA:252,0
DA:263,0
DA:264,0
DA:265,0
DA:269,0
DA:270,0
DA:271,0
DA:275,0
DA:276,0
DA:277,0
DA:280,0
DA:281,0
DA:285,0
DA:286,0
DA:289,0
DA:290,0
DA:291,0
DA:294,0
DA:295,0
DA:296,0
DA:299,0
DA:300,0
DA:301,0
DA:305,0
DA:306,0
DA:314,0
DA:315,0
DA:316,0
DA:320,0
DA:321,0
DA:325,0
DA:326,0
DA:330,0
DA:331,0
DA:332,0
DA:336,0
DA:337,0
DA:338,0
DA:342,0
DA:343,0
DA:347,0
DA:348,0
DA:352,0
DA:353,0
DA:357,0
DA:358,0
DA:362,0
DA:363,0
DA:367,0
DA:368,0
DA:374,0
DA:375,0
DA:379,0
DA:380,0
DA:385,0
DA:386,0
DA:387,0
DA:391,0
DA:392,0
DA:393,0
DA:397,0
DA:398,0
DA:399,0
DA:402,0
DA:404,0
DA:405,0
DA:409,0
DA:410,0
DA:411,0
DA:415,0
DA:416,0
DA:417,0
DA:421,0
DA:422,0
DA:423,0
DA:427,0
DA:428,0
DA:429,0
DA:432,0
DA:434,0
DA:435,0
DA:438,0
DA:440,0
DA:441,0
DA:444,0
DA:445,0
DA:446,0
DA:449,0
DA:451,0
DA:452,0
DA:455,0
DA:456,0
DA:457,0
DA:460,0
DA:461,0
DA:462,0
DA:467,0
DA:468,0
DA:472,0
DA:473,0
DA:477,0
DA:478,0
DA:483,0
DA:484,0
DA:489,0
DA:490,0
DA:495,0
DA:496,0
DA:500,0
DA:501,0
DA:505,0
DA:506,0
DA:510,0
DA:511,0
DA:515,0
DA:516,0
DA:520,0
DA:521,0
DA:525,0
DA:526,0
DA:530,0
DA:531,0
DA:535,0
DA:536,0
DA:540,0
DA:541,0
DA:545,0
DA:546,0
DA:550,0
DA:551,0
DA:555,0
DA:556,0
DA:560,0
DA:561,0
DA:565,0
DA:566,0
DA:570,0
DA:571,0
DA:575,0
DA:576,0
DA:580,0
DA:581,0
DA:585,0
DA:586,0
DA:590,0
DA:591,0
DA:600,0
DA:601,0
DA:602,0
DA:606,0
DA:607,0
DA:608,0
DA:612,0
DA:613,0
DA:614,0
DA:618,0
DA:619,0
DA:620,0
DA:624,0
DA:625,0
DA:626,0
DA:630,0
DA:631,0
DA:632,0
DA:636,0
DA:637,0
DA:638,0
DA:643,0
DA:644,0
DA:645,0
DA:648,0
DA:649,0
DA:650,0
DA:653,0
DA:654,0
DA:655,0
DA:658,0
DA:659,0
DA:660,0
DA:664,0
DA:665,0
DA:666,0
DA:670,0
DA:671,0
DA:672,0
DA:676,0
DA:677,0
DA:678,0
DA:682,0
DA:683,0
DA:684,0
DA:688,0
DA:689,0
DA:690,0
DA:694,0
DA:695,0
DA:696,0
DA:699,0
DA:700,0
DA:701,0
DA:705,0
DA:706,0
DA:707,0
DA:710,0
DA:711,0
DA:712,0
DA:716,0
DA:717,0
DA:721,0
DA:722,0
DA:726,0
DA:727,0
DA:731,0
DA:732,0
DA:736,0
DA:737,0
DA:741,0
DA:742,0
DA:746,0
DA:747,0
DA:751,0
DA:752,0
DA:756,0
DA:757,0
DA:765,0
DA:766,0
DA:767,0
DA:771,0
DA:773,0
DA:774,0
DA:784,0
DA:785,0
DA:789,0
DA:790,0
DA:794,0
DA:795,0
DA:799,0
DA:800,0
DA:804,0
DA:805,0
DA:809,0
DA:810,0
DA:814,0
DA:815,0
DA:819,0
DA:820,0
DA:824,0
DA:825,0
DA:830,0
DA:831,0
DA:835,0
DA:836,0
DA:841,0
DA:842,0
DA:846,0
DA:847,0
DA:851,0
DA:852,0
DA:857,0
DA:858,0
DA:862,0
DA:863,0
DA:867,0
DA:868,0
DA:872,0
DA:873,0
DA:877,0
DA:878,0
DA:888,0
DA:889,0
DA:893,0
DA:894,0
DA:898,0
DA:899,0
DA:903,0
DA:904,0
DA:908,0
DA:909,0
DA:913,0
DA:914,0
DA:918,0
DA:919,0
DA:923,0
DA:924,0
DA:928,0
DA:929,0
DA:933,0
DA:934,0
DA:938,0
DA:939,0
DA:943,0
DA:944,0
DA:948,0
DA:949,0
DA:955,0
DA:956,0
DA:957,0
DA:967,0
DA:968,0
DA:972,0
DA:973,0
DA:977,0
DA:978,0
DA:982,0
DA:983,0
DA:987,0
DA:988,0
DA:992,0
DA:993,0
DA:997,0
DA:998,0
DA:1002,0
DA:1003,0
DA:1007,0
DA:1008,0
DA:1012,0
DA:1013,0
DA:1017,0
DA:1018,0
DA:1022,0
DA:1023,0
DA:1027,0
DA:1028,0
DA:1032,0
DA:1033,0
DA:1037,0
DA:1038,0
DA:1042,0
DA:1043,0
DA:1047,0
DA:1048,0
DA:1052,0
DA:1053,0
DA:1057,0
DA:1058,0
DA:1062,0
DA:1063,0
DA:1067,0
DA:1068,0
DA:1072,0
DA:1073,0
DA:1077,0
DA:1078,0
DA:1082,0
DA:1083,0
DA:1087,0
DA:1088,0
DA:1092,0
DA:1093,0
DA:1097,0
DA:1098,0
DA:1102,0
DA:1103,0
DA:1107,0
DA:1108,0
DA:1112,0
DA:1113,0
DA:1117,0
DA:1118,0
DA:1122,0
DA:1123,0
DA:1133,0
DA:1134,0
DA:1138,0
DA:1139,0
DA:1143,0
DA:1144,0
DA:1148,0
DA:1149,0
DA:1153,0
DA:1154,0
DA:1158,0
DA:1159,0
DA:1163,0
DA:1164,0
DA:1168,0
DA:1169,0
DA:1170,0
DA:1174,0
DA:1175,0
DA:1176,0
DA:1180,0
DA:1181,0
DA:1185,0
DA:1186,0
DA:1190,0
DA:1191,0
DA:1195,0
DA:1196,0
DA:1200,0
DA:1201,0
DA:1205,0
DA:1206,0
DA:1210,0
DA:1211,0
DA:1215,0
DA:1216,0
DA:1220,0
DA:1221,0
DA:1225,0
DA:1226,0
DA:1227,0
DA:1231,0
DA:1232,0
DA:1236,0
DA:1237,0
DA:1241,0
DA:1242,0
DA:1246,0
DA:1247,0
DA:1251,0
DA:1252,0
DA:1256,0
DA:1257,0
DA:1261,0
DA:1262,0
DA:1266,0
DA:1267,0
DA:1276,0
DA:1277,0
DA:1281,0
DA:1282,0
DA:1286,0
DA:1287,0
DA:1291,0
DA:1292,0
DA:1296,0
DA:1297,0
DA:1298,0
DA:1302,0
DA:1303,0
DA:1304,0
DA:1308,0
DA:1309,0
DA:1310,0
DA:1314,0
DA:1315,0
DA:1316,0
DA:1320,0
DA:1321,0
DA:1325,0
DA:1326,0
DA:1330,0
DA:1331,0
DA:1338,0
DA:1339,0
DA:1340,0
DA:1344,0
DA:1345,0
DA:1346,0
DA:1350,0
DA:1351,0
DA:1352,0
DA:1356,0
DA:1357,0
DA:1358,0
DA:1361,0
DA:1362,0
DA:1363,0
DA:1369,0
DA:1370,0
DA:1374,0
DA:1375,0
DA:1379,0
DA:1380,0
DA:1384,0
DA:1385,0
DA:1389,0
DA:1390,0
DA:1394,0
DA:1395,0
DA:1399,0
DA:1400,0
DA:1404,0
DA:1405,0
DA:1409,0
DA:1410,0
DA:1414,0
DA:1415,0
DA:1419,0
DA:1420,0
DA:1423,0
DA:1424,0
DA:1427,0
DA:1428,0
DA:1434,0
DA:1435,0
DA:1438,0
DA:1439,0
DA:1448,0
DA:1449,0
DA:1450,0
DA:1455,0
DA:1456,0
DA:1460,0
DA:1461,0
DA:1465,0
DA:1466,0
DA:1470,0
DA:1471,0
DA:1475,0
DA:1476,0
DA:1480,0
DA:1481,0
DA:1485,0
DA:1486,0
DA:1492,0
DA:1493,0
DA:1497,0
DA:1498,0
DA:1502,0
DA:1503,0
DA:1507,0
DA:1508,0
DA:1512,0
DA:1513,0
DA:1517,0
DA:1518,0
DA:1522,0
DA:1523,0
DA:1527,0
DA:1528,0
DA:1532,0
DA:1533,0
DA:1537,0
DA:1538,0
DA:1542,0
DA:1543,0
DA:1547,0
DA:1548,0
DA:1552,0
DA:1553,0
DA:1557,0
DA:1558,0
DA:1562,0
DA:1563,0
DA:1568,0
DA:1569,0
DA:1574,0
DA:1575,0
DA:1579,0
DA:1580,0
DA:1584,0
DA:1585,0
DA:1590,0
DA:1591,0
DA:1594,0
DA:1595,0
DA:1599,0
DA:1600,0
DA:1604,0
DA:1605,0
DA:1609,0
DA:1610,0
DA:1614,0
DA:1615,0
DA:1619,0
DA:1620,0
DA:1627,0
DA:1628,0
DA:1632,0
DA:1633,0
DA:1637,0
DA:1638,0
DA:1642,0
DA:1643,0
DA:1647,0
DA:1648,0
DA:1653,0
DA:1654,0
DA:1658,0
DA:1659,0
DA:1663,0
DA:1664,0
DA:1668,0
DA:1669,0
DA:1673,0
DA:1674,0
DA:1678,0
DA:1683,0
DA:1684,0
DA:1689,0
DA:1690,0
DA:1691,0
DA:1695,0
DA:1696,0
DA:1697,0
DA:1701,0
DA:1702,0
DA:1703,0
LF:703
LH:1
BRDA:16,0,0,0
BRDA:16,0,1,0
BRDA:34,1,0,0
BRDA:34,1,1,0
BRF:4
BRH:0
end_of_record
TN:
SF:D:\unittest\src\app\job\departments\departments-routing.module.ts
FNF:0
FNH:0
DA:8,1
DA:23,1
LF:2
LH:2
BRF:0
BRH:0
end_of_record
TN:
SF:D:\unittest\src\app\job\departments\departments.module.ts
FNF:0
FNH:0
DA:49,1
LF:1
LH:1
BRF:0
BRH:0
end_of_record
TN:
SF:D:\unittest\src\app\job\departments\add-job-categories\add-job-categories.component.ts
FN:26,(anonymous_0)
FN:29,(anonymous_1)
FN:32,(anonymous_2)
FN:42,(anonymous_3)
FN:48,(anonymous_4)
FN:52,(anonymous_5)
FN:56,(anonymous_6)
FN:59,(anonymous_7)
FNF:8
FNH:7
FNDA:6,(anonymous_0)
FNDA:1,(anonymous_1)
FNDA:1,(anonymous_2)
FNDA:0,(anonymous_3)
FNDA:1,(anonymous_4)
FNDA:1,(anonymous_5)
FNDA:1,(anonymous_6)
FNDA:1,(anonymous_7)
DA:14,1
DA:16,6
DA:20,6
DA:21,6
DA:24,6
DA:25,6
DA:26,6
DA:31,1
DA:33,1
DA:35,1
DA:36,1
DA:38,0
DA:39,0
DA:43,0
DA:49,1
DA:53,1
DA:57,1
DA:60,1
LF:18
LH:15
BRDA:35,0,0,1
BRDA:35,0,1,0
BRF:2
BRH:1
end_of_record
TN:
SF:D:\unittest\src\app\job\departments\edit-job-categories\edit-job-categories.component.ts
FN:26,(anonymous_0)
FN:29,(anonymous_1)
FN:33,(anonymous_2)
FN:37,(anonymous_3)
FN:40,(anonymous_4)
FN:42,(anonymous_5)
FN:49,(anonymous_6)
FN:54,(anonymous_7)
FN:60,(anonymous_8)
FN:64,(anonymous_9)
FN:77,(anonymous_10)
FNF:11
FNH:9
FNDA:6,(anonymous_0)
FNDA:1,(anonymous_1)
FNDA:1,(anonymous_2)
FNDA:1,(anonymous_3)
FNDA:1,(anonymous_4)
FNDA:1,(anonymous_5)
FNDA:1,(anonymous_6)
FNDA:0,(anonymous_7)
FNDA:1,(anonymous_8)
FNDA:1,(anonymous_9)
FNDA:0,(anonymous_10)
DA:14,1
DA:17,6
DA:18,6
DA:19,6
DA:20,6
DA:23,6
DA:26,6
DA:30,1
DA:34,1
DA:38,1
DA:41,1
DA:43,1
DA:44,1
DA:48,1
DA:50,1
DA:51,1
DA:55,0
DA:61,1
DA:62,1
DA:63,1
DA:65,1
DA:70,1
DA:71,1
DA:73,0
DA:74,0
DA:78,0
LF:26
LH:22
BRDA:70,0,0,1
BRDA:70,0,1,0
BRF:2
BRH:1
end_of_record
TN:
SF:D:\unittest\src\app\job\departments\job-categories\job-categories.component.ts
FN:32,(anonymous_0)
FN:36,(anonymous_1)
FN:42,(anonymous_2)
FN:50,(anonymous_3)
FN:52,(anonymous_4)
FN:58,(anonymous_5)
FN:65,(anonymous_6)
FN:66,(anonymous_7)
FN:71,(anonymous_8)
FNF:9
FNH:7
FNDA:5,(anonymous_0)
FNDA:2,(anonymous_1)
FNDA:0,(anonymous_2)
FNDA:1,(anonymous_3)
FNDA:1,(anonymous_4)
FNDA:0,(anonymous_5)
FNDA:1,(anonymous_6)
FNDA:1,(anonymous_7)
FNDA:1,(anonymous_8)
DA:12,1
DA:13,5
DA:17,5
DA:20,5
DA:21,5
DA:22,5
DA:26,5
DA:27,5
DA:30,5
DA:32,5
DA:37,2
DA:38,1
DA:41,1
DA:42,1
DA:43,0
DA:47,2
DA:51,1
DA:53,1
DA:54,1
DA:55,1
DA:59,0
DA:66,1
DA:67,1
DA:72,1
LF:24
LH:22
BRDA:37,0,0,1
BRDA:37,0,1,1
BRDA:41,1,0,1
BRDA:41,1,1,0
BRF:4
BRH:3
end_of_record
TN:
SF:D:\unittest\src\app\mocks\LocationStub.ts
FN:2,(anonymous_0)
FNF:1
FNH:0
FNDA:0,(anonymous_0)
DA:3,0
LF:1
LH:0
BRF:0
BRH:0
end_of_record
TN:
SF:D:\unittest\src\app\mocks\UserServiceStub.ts
FN:4,(anonymous_0)
FN:6,(anonymous_1)
FN:12,(anonymous_2)
FN:14,(anonymous_3)
FN:20,(anonymous_4)
FN:22,(anonymous_5)
FN:28,(anonymous_6)
FN:31,(anonymous_7)
FN:37,(anonymous_8)
FN:39,(anonymous_9)
FN:45,(anonymous_10)
FN:47,(anonymous_11)
FN:205,(anonymous_12)
FN:207,(anonymous_13)
FN:220,(anonymous_14)
FN:222,(anonymous_15)
FN:235,(anonymous_16)
FN:238,(anonymous_17)
FN:294,(anonymous_18)
FN:297,(anonymous_19)
FN:336,(anonymous_20)
FN:338,(anonymous_21)
FN:922,(anonymous_22)
FN:924,(anonymous_23)
FN:937,(anonymous_24)
FN:939,(anonymous_25)
FN:952,(anonymous_26)
FN:954,(anonymous_27)
FN:960,(anonymous_28)
FN:962,(anonymous_29)
FN:968,(anonymous_30)
FN:970,(anonymous_31)
FN:976,(anonymous_32)
FN:978,(anonymous_33)
FN:1504,(anonymous_34)
FN:1506,(anonymous_35)
FN:1512,(anonymous_36)
FN:1514,(anonymous_37)
FN:1520,(anonymous_38)
FN:1522,(anonymous_39)
FN:1528,(anonymous_40)
FN:1530,(anonymous_41)
FN:1543,(anonymous_42)
FN:1545,(anonymous_43)
FN:1563,(anonymous_44)
FN:1565,(anonymous_45)
FN:1578,(anonymous_46)
FN:1580,(anonymous_47)
FN:1666,(anonymous_48)
FN:1668,(anonymous_49)
FN:1681,(anonymous_50)
FN:1683,(anonymous_51)
FN:1699,(anonymous_52)
FN:1701,(anonymous_53)
FN:1714,(anonymous_54)
FN:1716,(anonymous_55)
FN:1729,(anonymous_56)
FN:1731,(anonymous_57)
FN:1747,(anonymous_58)
FN:1749,(anonymous_59)
FN:1762,(anonymous_60)
FN:1764,(anonymous_61)
FN:1777,(anonymous_62)
FN:1779,(anonymous_63)
FN:1802,(anonymous_64)
FN:1804,(anonymous_65)
FN:1817,(anonymous_66)
FN:1819,(anonymous_67)
FN:1832,(anonymous_68)
FN:1834,(anonymous_69)
FN:1852,(anonymous_70)
FN:1854,(anonymous_71)
FN:1871,(anonymous_72)
FN:1873,(anonymous_73)
FN:1886,(anonymous_74)
FN:1888,(anonymous_75)
FN:1901,(anonymous_76)
FN:1903,(anonymous_77)
FN:1916,(anonymous_78)
FN:1918,(anonymous_79)
FN:1928,(anonymous_80)
FN:1930,(anonymous_81)
FN:1943,(anonymous_82)
FN:1945,(anonymous_83)
FN:2841,(anonymous_84)
FN:2843,(anonymous_85)
FN:2968,(anonymous_86)
FN:2970,(anonymous_87)
FN:2978,(anonymous_88)
FN:2980,(anonymous_89)
FN:2989,(anonymous_90)
FN:2991,(anonymous_91)
FNF:92
FNH:9
FNDA:0,(anonymous_0)
FNDA:0,(anonymous_1)
FNDA:0,(anonymous_2)
FNDA:0,(anonymous_3)
FNDA:0,(anonymous_4)
FNDA:0,(anonymous_5)
FNDA:0,(anonymous_6)
FNDA:0,(anonymous_7)
FNDA:0,(anonymous_8)
FNDA:0,(anonymous_9)
FNDA:0,(anonymous_10)
FNDA:0,(anonymous_11)
FNDA:0,(anonymous_12)
FNDA:0,(anonymous_13)
FNDA:0,(anonymous_14)
FNDA:0,(anonymous_15)
FNDA:0,(anonymous_16)
FNDA:0,(anonymous_17)
FNDA:0,(anonymous_18)
FNDA:0,(anonymous_19)
FNDA:0,(anonymous_20)
FNDA:0,(anonymous_21)
FNDA:0,(anonymous_22)
FNDA:0,(anonymous_23)
FNDA:0,(anonymous_24)
FNDA:0,(anonymous_25)
FNDA:0,(anonymous_26)
FNDA:0,(anonymous_27)
FNDA:0,(anonymous_28)
FNDA:0,(anonymous_29)
FNDA:0,(anonymous_30)
FNDA:0,(anonymous_31)
FNDA:0,(anonymous_32)
FNDA:0,(anonymous_33)
FNDA:0,(anonymous_34)
FNDA:0,(anonymous_35)
FNDA:0,(anonymous_36)
FNDA:0,(anonymous_37)
FNDA:0,(anonymous_38)
FNDA:0,(anonymous_39)
FNDA:1,(anonymous_40)
FNDA:1,(anonymous_41)
FNDA:2,(anonymous_42)
FNDA:1,(anonymous_43)
FNDA:1,(anonymous_44)
FNDA:0,(anonymous_45)
FNDA:2,(anonymous_46)
FNDA:1,(anonymous_47)
FNDA:0,(anonymous_48)
FNDA:0,(anonymous_49)
FNDA:0,(anonymous_50)
FNDA:0,(anonymous_51)
FNDA:0,(anonymous_52)
FNDA:0,(anonymous_53)
FNDA:0,(anonymous_54)
FNDA:0,(anonymous_55)
FNDA:0,(anonymous_56)
FNDA:0,(anonymous_57)
FNDA:0,(anonymous_58)
FNDA:0,(anonymous_59)
FNDA:0,(anonymous_60)
FNDA:0,(anonymous_61)
FNDA:0,(anonymous_62)
FNDA:0,(anonymous_63)
FNDA:0,(anonymous_64)
FNDA:0,(anonymous_65)
FNDA:0,(anonymous_66)
FNDA:0,(anonymous_67)
FNDA:0,(anonymous_68)
FNDA:0,(anonymous_69)
FNDA:0,(anonymous_70)
FNDA:0,(anonymous_71)
FNDA:0,(anonymous_72)
FNDA:0,(anonymous_73)
FNDA:0,(anonymous_74)
FNDA:0,(anonymous_75)
FNDA:0,(anonymous_76)
FNDA:0,(anonymous_77)
FNDA:0,(anonymous_78)
FNDA:0,(anonymous_79)
FNDA:0,(anonymous_80)
FNDA:0,(anonymous_81)
FNDA:0,(anonymous_82)
FNDA:0,(anonymous_83)
FNDA:0,(anonymous_84)
FNDA:0,(anonymous_85)
FNDA:1,(anonymous_86)
FNDA:1,(anonymous_87)
FNDA:0,(anonymous_88)
FNDA:0,(anonymous_89)
FNDA:0,(anonymous_90)
FNDA:0,(anonymous_91)
DA:5,0
DA:7,0
DA:13,0
DA:15,0
DA:21,0
DA:23,0
DA:30,0
DA:32,0
DA:38,0
DA:40,0
DA:46,0
DA:48,0
DA:206,0
DA:208,0
DA:221,0
DA:223,0
DA:237,0
DA:239,0
DA:296,0
DA:298,0
DA:337,0
DA:339,0
DA:923,0
DA:925,0
DA:938,0
DA:940,0
DA:953,0
DA:955,0
DA:961,0
DA:969,0
DA:977,0
DA:979,0
DA:1505,0
DA:1513,0
DA:1521,0
DA:1529,1
DA:1531,1
DA:1544,2
DA:1546,1
DA:1564,1
DA:1566,0
DA:1579,2
DA:1581,1
DA:1667,0
DA:1669,0
DA:1682,0
DA:1684,0
DA:1700,0
DA:1702,0
DA:1715,0
DA:1717,0
DA:1730,0
DA:1732,0
DA:1748,0
DA:1750,0
DA:1763,0
DA:1765,0
DA:1778,0
DA:1780,0
DA:1803,0
DA:1805,0
DA:1818,0
DA:1820,0
DA:1833,0
DA:1835,0
DA:1853,0
DA:1855,0
DA:1872,0
DA:1874,0
DA:1887,0
DA:1889,0
DA:1902,0
DA:1904,0
DA:1917,0
DA:1919,0
DA:1929,0
DA:1931,0
DA:1944,0
DA:1946,0
DA:2842,0
DA:2844,0
DA:2969,1
DA:2971,1
DA:2979,0
DA:2981,0
DA:2990,0
DA:2992,0
LF:87
LH:9
BRF:0
BRH:0
end_of_record
TN:
SF:D:\unittest\src\app\shared\shared.module.ts
FNF:0
FNH:0
DA:32,1
LF:1
LH:1
BRF:0
BRH:0
end_of_record
TN:
SF:D:\unittest\src\app\shared\layout\layout.component.ts
FN:10,(anonymous_0)
FN:12,(anonymous_1)
FNF:2
FNH:0
FNDA:0,(anonymous_0)
FNDA:0,(anonymous_1)
DA:8,1
DA:9,0
LF:2
LH:1
BRF:0
BRH:0
end_of_record
TN:
SF:D:\unittest\src\app\shared\logout\logout.component.ts
FN:14,(anonymous_0)
FN:19,(anonymous_1)
FNF:2
FNH:0
FNDA:0,(anonymous_0)
FNDA:0,(anonymous_1)
DA:12,1
DA:15,0
DA:16,0
DA:17,0
DA:20,0
DA:21,0
LF:6
LH:1
BRF:0
BRH:0
end_of_record
TN:
SF:D:\unittest\src\app\shared\right-bar\right-bar.component.ts
FN:30,(anonymous_0)
FN:34,(anonymous_1)
FN:36,(anonymous_2)
FN:41,(anonymous_3)
FN:45,(anonymous_4)
FNF:5
FNH:0
FNDA:0,(anonymous_0)
FNDA:0,(anonymous_1)
FNDA:0,(anonymous_2)
FNDA:0,(anonymous_3)
FNDA:0,(anonymous_4)
DA:18,1
DA:22,0
DA:23,0
DA:30,0
DA:32,0
DA:35,0
DA:37,0
DA:43,0
DA:44,0
DA:46,0
LF:10
LH:1
BRDA:43,0,0,0
BRDA:43,0,1,0
BRF:2
BRH:0
end_of_record
TN:
SF:D:\unittest\src\app\shared\sidebar\sidebar.component.ts
FN:13,(anonymous_0)
FN:15,(anonymous_1)
FNF:2
FNH:0
FNDA:0,(anonymous_0)
FNDA:0,(anonymous_1)
DA:8,1
DA:9,0
DA:10,0
DA:11,0
LF:4
LH:1
BRF:0
BRH:0
end_of_record
TN:
SF:D:\unittest\src\app\shared\top-menu\top-menu.component.ts
FN:67,(anonymous_0)
FN:75,(anonymous_1)
FN:81,(anonymous_2)
FN:85,(anonymous_3)
FN:91,(anonymous_4)
FN:95,(anonymous_5)
FN:105,(anonymous_6)
FN:108,(anonymous_7)
FN:117,(anonymous_8)
FN:119,(anonymous_9)
FN:133,(anonymous_10)
FN:138,(anonymous_11)
FN:142,(anonymous_12)
FN:154,(anonymous_13)
FNF:14
FNH:0
FNDA:0,(anonymous_0)
FNDA:0,(anonymous_1)
FNDA:0,(anonymous_2)
FNDA:0,(anonymous_3)
FNDA:0,(anonymous_4)
FNDA:0,(anonymous_5)
FNDA:0,(anonymous_6)
FNDA:0,(anonymous_7)
FNDA:0,(anonymous_8)
FNDA:0,(anonymous_9)
FNDA:0,(anonymous_10)
FNDA:0,(anonymous_11)
FNDA:0,(anonymous_12)
FNDA:0,(anonymous_13)
DA:15,1
DA:16,0
DA:20,0
DA:24,0
DA:49,0
DA:54,0
DA:64,0
DA:67,0
DA:68,0
DA:69,0
DA:70,0
DA:71,0
DA:72,0
DA:74,0
DA:76,0
DA:80,0
DA:82,0
DA:83,0
DA:86,0
DA:90,0
DA:92,0
DA:93,0
DA:96,0
DA:100,0
DA:101,0
DA:107,0
DA:109,0
DA:110,0
DA:111,0
DA:118,0
DA:120,0
DA:121,0
DA:122,0
DA:123,0
DA:124,0
DA:126,0
DA:128,0
DA:134,0
DA:140,0
DA:141,0
DA:143,0
DA:144,0
DA:148,0
DA:149,0
DA:150,0
DA:151,0
DA:155,0
LF:47
LH:1
BRDA:110,0,0,0
BRDA:110,0,1,0
BRDA:121,1,0,0
BRDA:121,1,1,0
BRDA:123,2,0,0
BRDA:123,2,1,0
BRDA:140,3,0,0
BRDA:140,3,1,0
BRF:8
BRH:0
end_of_record
TN:
SF:D:\unittest\src\environments\environment.ts
FNF:0
FNH:0
DA:5,1
LF:1
LH:1
BRF:0
BRH:0
end_of_record
